C:\Users\Sumit\Documents\Visual Studio 2010\MySIFT\Debug\cl.command.1.tlog
C:\Users\Sumit\Documents\Visual Studio 2010\MySIFT\Debug\CL.read.1.tlog
C:\Users\Sumit\Documents\Visual Studio 2010\MySIFT\Debug\CL.write.1.tlog
C:\Users\Sumit\Documents\Visual Studio 2010\MySIFT\Debug\link.14552.read.1.tlog
C:\Users\Sumit\Documents\Visual Studio 2010\MySIFT\Debug\link.14552.write.1.tlog
C:\Users\Sumit\Documents\Visual Studio 2010\MySIFT\Debug\link.14552-cvtres.read.1.tlog
C:\Users\Sumit\Documents\Visual Studio 2010\MySIFT\Debug\link.14552-cvtres.write.1.tlog
C:\Users\Sumit\Documents\Visual Studio 2010\MySIFT\Debug\link.14888.read.1.tlog
C:\Users\Sumit\Documents\Visual Studio 2010\MySIFT\Debug\link.14888.write.1.tlog
C:\Users\Sumit\Documents\Visual Studio 2010\MySIFT\Debug\link.14888-cvtres.read.1.tlog
C:\Users\Sumit\Documents\Visual Studio 2010\MySIFT\Debug\link.14888-cvtres.write.1.tlog
C:\Users\Sumit\Documents\Visual Studio 2010\MySIFT\Debug\link.15768.read.1.tlog
C:\Users\Sumit\Documents\Visual Studio 2010\MySIFT\Debug\link.15768.write.1.tlog
C:\Users\Sumit\Documents\Visual Studio 2010\MySIFT\Debug\link.15768-cvtres.read.1.tlog
C:\Users\Sumit\Documents\Visual Studio 2010\MySIFT\Debug\link.15768-cvtres.write.1.tlog
C:\Users\Sumit\Documents\Visual Studio 2010\MySIFT\Debug\link.8660.read.1.tlog
C:\Users\Sumit\Documents\Visual Studio 2010\MySIFT\Debug\link.8660.write.1.tlog
C:\Users\Sumit\Documents\Visual Studio 2010\MySIFT\Debug\link.8660-cvtres.read.1.tlog
C:\Users\Sumit\Documents\Visual Studio 2010\MySIFT\Debug\link.8660-cvtres.write.1.tlog
C:\Users\Sumit\Documents\Visual Studio 2010\MySIFT\Debug\link.command.1.tlog
C:\Users\Sumit\Documents\Visual Studio 2010\MySIFT\Debug\link.read.1.tlog
C:\Users\Sumit\Documents\Visual Studio 2010\MySIFT\Debug\link.write.1.tlog
C:\Users\Sumit\Documents\Visual Studio 2010\MySIFT\Debug\link-cvtres.read.1.tlog
C:\Users\Sumit\Documents\Visual Studio 2010\MySIFT\Debug\link-cvtres.write.1.tlog
C:\Users\Sumit\Documents\Visual Studio 2010\MySIFT\Debug\mt.command.1.tlog
C:\Users\Sumit\Documents\Visual Studio 2010\MySIFT\Debug\mt.read.1.tlog
C:\Users\Sumit\Documents\Visual Studio 2010\MySIFT\Debug\mt.write.1.tlog
C:\USERS\SUMIT\DOCUMENTS\VISUAL STUDIO 2010\MYSIFT\DEBUG\MYSIFT.EXE
C:\USERS\SUMIT\DOCUMENTS\VISUAL STUDIO 2010\MYSIFT\DEBUG\MYSIFT.EXE.EMBED.MANIFEST
C:\USERS\SUMIT\DOCUMENTS\VISUAL STUDIO 2010\MYSIFT\DEBUG\MYSIFT.EXE.EMBED.MANIFEST.RES
C:\USERS\SUMIT\DOCUMENTS\VISUAL STUDIO 2010\MYSIFT\DEBUG\MYSIFT.EXE.INTERMEDIATE.MANIFEST
C:\USERS\SUMIT\DOCUMENTS\VISUAL STUDIO 2010\MYSIFT\DEBUG\MYSIFT.ILK
C:\USERS\SUMIT\DOCUMENTS\VISUAL STUDIO 2010\MYSIFT\DEBUG\MYSIFT.OBJ
C:\USERS\SUMIT\DOCUMENTS\VISUAL STUDIO 2010\MYSIFT\DEBUG\MYSIFT.PCH
C:\USERS\SUMIT\DOCUMENTS\VISUAL STUDIO 2010\MYSIFT\DEBUG\MYSIFT.PDB
C:\Users\Sumit\Documents\Visual Studio 2010\MySIFT\Debug\MySIFT.vcxprojResolveAssemblyReference.cache
C:\Users\Sumit\Documents\Visual Studio 2010\MySIFT\Debug\MySIFT.write.1.tlog
C:\Users\Sumit\Documents\Visual Studio 2010\MySIFT\Debug\MySIFT_manifest.rc
C:\Users\Sumit\Documents\Visual Studio 2010\MySIFT\Debug\rc.command.1.tlog
C:\Users\Sumit\Documents\Visual Studio 2010\MySIFT\Debug\rc.read.1.tlog
C:\Users\Sumit\Documents\Visual Studio 2010\MySIFT\Debug\rc.write.1.tlog
C:\USERS\SUMIT\DOCUMENTS\VISUAL STUDIO 2010\MYSIFT\DEBUG\SIFT.OBJ
C:\USERS\SUMIT\DOCUMENTS\VISUAL STUDIO 2010\MYSIFT\DEBUG\STDAFX.OBJ
C:\Users\Sumit\Documents\Visual Studio 2010\MySIFT\Debug\vc100.idb
C:\USERS\SUMIT\DOCUMENTS\VISUAL STUDIO 2010\MYSIFT\DEBUG\VC100.PDB
